2021-10-04 20:04:16|DEBUG|Loaded from bank.pickle
2021-10-04 20:13:11|DEBUG|Created account: <bound method Account.getAccountID of <CheckingAccount.CheckingAccount object at 0x000001E9E7083DC0>>
2021-10-04 20:13:40|DEBUG|Created account: 1
2021-10-04 20:13:50|DEBUG|Created account: 2
2021-10-04 20:13:59|DEBUG|Created account: 3
2021-10-04 20:15:20|DEBUG|Created account: 1
2021-10-04 20:15:48|DEBUG|Created account: 1
2021-10-04 20:15:48|DEBUG|Created transaction: 1, 1000
2021-10-04 20:16:48|DEBUG|Created account: 1
2021-10-04 20:16:48|DEBUG|Created transaction: 1, 1000
2021-10-04 20:16:52|DEBUG|Saved to bank.pickle
2021-10-04 20:23:32|DEBUG|Loaded from bank.pickle
2021-10-04 20:23:40|DEBUG|Created transaction: 1, 1.500000000000000031225022568
2021-10-04 20:25:36|DEBUG|Created account: 1
2021-10-04 20:25:36|DEBUG|Created transaction: 1, 10
2021-10-04 20:25:41|DEBUG|Created transaction: 1, 0.01500000000000000031225022568
2021-10-04 20:25:41|DEBUG|Triggered fees and interest
2021-10-04 20:27:46|DEBUG|Created account: 1
2021-10-04 20:27:46|DEBUG|Created transaction: 1, 10
2021-10-04 20:27:48|DEBUG|Created transaction: 1, 0.01500000000000000031225022568
2021-10-04 20:27:48|DEBUG|Triggered fees and interest
2021-10-04 20:30:25|DEBUG|Created account: 1
2021-10-04 20:30:25|DEBUG|Created transaction: 1, 10
2021-10-04 20:30:26|DEBUG|Created transaction: 1, 0.01500000000000000031225022568
2021-10-04 20:30:26|DEBUG|Triggered fees and interest
2021-10-04 20:46:22|DEBUG|Created account: 1
2021-10-04 20:46:22|DEBUG|Created transaction: 1, 10
2021-10-04 20:46:24|DEBUG|Created transaction: 1, 0.01500000000000000031225022568
2021-10-04 20:46:24|DEBUG|Triggered fees and interest
2021-10-04 20:46:24|DEBUG|Created transaction: 1, -10
2021-10-04 20:54:32|DEBUG|Created account: 1
2021-10-04 20:54:32|DEBUG|Created transaction: 1, 100
2021-10-04 20:54:37|DEBUG|Created transaction: 1, 2.500000000000000138777878078
2021-10-04 20:54:37|DEBUG|Triggered fees and interest
2021-10-04 20:55:08|DEBUG|Created transaction: 1, 100
2021-10-04 20:55:21|DEBUG|Created transaction: 1, 200
2021-10-04 20:56:04|DEBUG|Created transaction: 1, 250
2021-10-04 20:56:08|DEBUG|Created transaction: 1, 16.31250000000000090899510141
2021-10-04 20:56:08|DEBUG|Triggered fees and interest
2021-10-04 20:56:19|DEBUG|Created transaction: 1, 250
2021-10-04 20:56:27|DEBUG|Saved to bank.pickle
2021-10-04 20:56:28|DEBUG|Loaded from bank.pickle
2021-10-04 20:57:05|DEBUG|Created account: 1
2021-10-04 20:58:40|DEBUG|Created account: 1
2021-10-04 21:02:32|DEBUG|Created account: 1
